nohup: ignoring input
updating: .git/ (stored 0%)
updating: .git/COMMIT_EDITMSG (deflated 55%)
updating: .git/config (deflated 37%)
updating: .git/description (deflated 14%)
updating: .git/HEAD (stored 0%)
updating: .git/hooks/ (stored 0%)
updating: .git/hooks/applypatch-msg.sample (deflated 42%)
updating: .git/hooks/commit-msg.sample (deflated 44%)
updating: .git/hooks/fsmonitor-watchman.sample (deflated 62%)
updating: .git/hooks/post-update.sample (deflated 27%)
updating: .git/hooks/pre-applypatch.sample (deflated 38%)
updating: .git/hooks/pre-commit.sample (deflated 45%)
updating: .git/hooks/pre-merge-commit.sample (deflated 39%)
updating: .git/hooks/pre-push.sample (deflated 49%)
updating: .git/hooks/pre-rebase.sample (deflated 59%)
updating: .git/hooks/pre-receive.sample (deflated 40%)
updating: .git/hooks/prepare-commit-msg.sample (deflated 50%)
updating: .git/hooks/push-to-checkout.sample (deflated 55%)
updating: .git/hooks/sendemail-validate.sample (deflated 58%)
updating: .git/hooks/update.sample (deflated 68%)
updating: .git/index (deflated 54%)
updating: .git/info/ (stored 0%)
updating: .git/info/exclude (deflated 28%)
updating: .git/logs/ (stored 0%)
updating: .git/logs/HEAD (deflated 33%)
updating: .git/logs/refs/ (stored 0%)
updating: .git/logs/refs/heads/ (stored 0%)
updating: .git/logs/refs/heads/main (deflated 33%)
updating: .git/logs/refs/remotes/ (stored 0%)
updating: .git/logs/refs/remotes/origin/ (stored 0%)
updating: .git/logs/refs/remotes/origin/HEAD (deflated 33%)
updating: .git/objects/ (stored 0%)
updating: .git/objects/info/ (stored 0%)
updating: .git/objects/pack/ (stored 0%)
updating: .git/objects/pack/pack-63db145d72cac72ad5ca45ea360331f550fba710.idx (deflated 1%)
updating: .git/objects/pack/pack-63db145d72cac72ad5ca45ea360331f550fba710.pack (deflated 1%)
updating: .git/objects/pack/pack-63db145d72cac72ad5ca45ea360331f550fba710.rev (deflated 34%)
updating: .git/packed-refs (deflated 9%)
updating: .git/refs/ (stored 0%)
updating: .git/refs/heads/ (stored 0%)
updating: .git/refs/heads/main (stored 0%)
updating: .git/refs/remotes/ (stored 0%)
updating: .git/refs/remotes/origin/ (stored 0%)
updating: .git/refs/remotes/origin/HEAD (stored 0%)
updating: .git/refs/tags/ (stored 0%)
updating: .gitignore (deflated 61%)
updating: .vscode/ (stored 0%)
updating: .vscode/settings.json (stored 0%)
updating: backend/ (stored 0%)
updating: backend/.env (deflated 69%)
updating: backend/.env.production.example (deflated 45%)
updating: backend/.gitignore (deflated 53%)
updating: backend/database/ (stored 0%)
updating: backend/database/init.sql (deflated 74%)
updating: backend/package-lock.json (deflated 74%)
updating: backend/package.json (deflated 55%)
updating: backend/render.yaml (deflated 60%)
updating: backend/requirements.txt (deflated 48%)
updating: backend/scripts/ (stored 0%)
updating: backend/scripts/init-production.js (deflated 54%)
updating: backend/scripts/setup.sh (deflated 47%)
updating: backend/server.js (deflated 71%)
updating: backend/src/ (stored 0%)
updating: backend/src/app.js (deflated 61%)
updating: backend/src/config/ (stored 0%)
updating: backend/src/config/database.js (deflated 59%)
updating: backend/src/config/firebase-admin.js (deflated 42%)
updating: backend/src/controllers/ (stored 0%)
updating: backend/src/controllers/adminController.js (deflated 73%)
updating: backend/src/controllers/authController.js (deflated 77%)
updating: backend/src/controllers/professionalController.js (deflated 66%)
updating: backend/src/controllers/serviceController.js (deflated 79%)
updating: backend/src/middleware/ (stored 0%)
updating: backend/src/middleware/authMiddleware.js (deflated 48%)
updating: backend/src/middleware/corsMiddleware.js (deflated 60%)
updating: backend/src/middleware/errorHandler.js (deflated 63%)
updating: backend/src/middleware/errorUtils.js (deflated 62%)
updating: backend/src/middleware/security.js (deflated 65%)
updating: backend/src/models/ (stored 0%)
updating: backend/src/models/Professional.js (stored 0%)
updating: backend/src/models/Service.js (stored 0%)
updating: backend/src/models/User.js (stored 0%)
updating: backend/src/routes/ (stored 0%)
updating: backend/src/routes/admin.js (deflated 56%)
updating: backend/src/routes/auth.js (deflated 51%)
updating: backend/src/routes/health.js (deflated 63%)
updating: backend/src/routes/professionals.js (deflated 52%)
updating: backend/src/routes/services.js (deflated 61%)
updating: backend/src/routes/users.js (stored 0%)
updating: backend/src/utils/ (stored 0%)
updating: backend/src/utils/helpers.js (stored 0%)
updating: backend/src/utils/validation.js (stored 0%)
updating: backend/.env.example (deflated 67%)
updating: backend/nodemon.json (deflated 43%)
updating: backend/server-test.js (deflated 63%)
updating: backend/server.log (deflated 47%)
updating: database/ (stored 0%)
updating: database/migrations/ (stored 0%)
updating: database/migrations/001_create_users.sql (deflated 49%)
updating: database/migrations/002_create_professionals.sql (deflated 58%)
updating: database/migrations/003_create_services.sql (deflated 64%)
updating: database/migrations/004_alter_services_add_fields.sql (deflated 65%)
updating: database/seeds/ (stored 0%)
updating: database/seeds/initial_data.sql (deflated 53%)
updating: frontend/ (stored 0%)
updating: frontend/.env (deflated 70%)
updating: frontend/.gitignore (deflated 5%)
updating: frontend/.vercel/ (stored 0%)
updating: frontend/.vercel/project.json (deflated 3%)
updating: frontend/.vercel/README.txt (deflated 47%)
updating: frontend/index.html (deflated 67%)
updating: frontend/package-lock.json (deflated 77%)
updating: frontend/package.json (deflated 56%)
updating: frontend/postcss.config.js (deflated 19%)
updating: frontend/public/ (stored 0%)
updating: frontend/public/assets/ (stored 0%)
updating: frontend/public/assets/categories/ (stored 0%)
updating: frontend/public/assets/categories/carpinteria_bg.jpg (deflated 4%)
updating: frontend/public/assets/categories/carpinteria_icon.png (deflated 11%)
updating: frontend/public/assets/categories/electricidad_bg.jpg (deflated 9%)
updating: frontend/public/assets/categories/electricidad_icon.png (deflated 2%)
updating: frontend/public/assets/categories/jardineria_bg.jpg (deflated 0%)
updating: frontend/public/assets/categories/jardineria_icon.png (deflated 2%)
updating: frontend/public/assets/categories/limpieza_bg.jpg (deflated 3%)
updating: frontend/public/assets/categories/limpieza_icon.png (deflated 0%)
updating: frontend/public/assets/categories/pintura_bg.jpg (deflated 4%)
updating: frontend/public/assets/categories/pintura_icon.png (stored 0%)
updating: frontend/public/assets/categories/plomeria_bg.jpg (deflated 5%)
updating: frontend/public/assets/categories/plomeria_icon.png (deflated 1%)
updating: frontend/public/backgrounds/ (stored 0%)
updating: frontend/public/backgrounds/c.png (deflated 0%)
updating: frontend/public/backgrounds/carpinteria.jpg (deflated 0%)
updating: frontend/public/backgrounds/cc.jpg (deflated 4%)
updating: frontend/public/backgrounds/chicapc.svg (deflated 57%)
updating: frontend/public/backgrounds/electricidad.jpg (deflated 0%)
updating: frontend/public/backgrounds/jardineria.jpg (deflated 0%)
updating: frontend/public/backgrounds/limpieza.jpg (deflated 0%)
updating: frontend/public/backgrounds/pintura.jpg (deflated 0%)
updating: frontend/public/backgrounds/plomeria.jpg (deflated 0%)
updating: frontend/public/backgrounds/profesionales.jpg (deflated 0%)
updating: frontend/public/busca.svg (deflated 65%)
updating: frontend/public/conecta.svg (deflated 60%)
updating: frontend/public/disfruta.svg (deflated 60%)
updating: frontend/public/favicon.ico (stored 0%)
updating: frontend/public/icons/ (stored 0%)
updating: frontend/public/icons/carpinteria.png (deflated 2%)
updating: frontend/public/icons/electricidad.png (deflated 3%)
updating: frontend/public/icons/jardineria.png (deflated 2%)
updating: frontend/public/icons/limpieza.png (deflated 10%)
updating: frontend/public/icons/pintura.png (deflated 8%)
updating: frontend/public/icons/plomeria.png (deflated 3%)
updating: frontend/public/IMG/ (stored 0%)
updating: frontend/public/IMG/FOTO1_ELECTRICISTA.jpg (deflated 1%)
updating: frontend/public/IMG/FOTO1_ENFERMERA.jpg (deflated 0%)
updating: frontend/public/IMG/FOTO1_FONTANERO.jpg (deflated 1%)
updating: frontend/public/IMG/FOTO1_LLAVES.jpg (deflated 0%)
updating: frontend/public/IMG/FOTO1_PINTOR.jpg (deflated 1%)
updating: frontend/public/logo.png (deflated 2%)
updating: frontend/public/logofb.png (deflated 4%)
updating: frontend/src/ (stored 0%)
updating: frontend/src/App.jsx (deflated 73%)
updating: frontend/src/components/ (stored 0%)
updating: frontend/src/components/auth/ (stored 0%)
updating: frontend/src/components/auth/AdminGuard.jsx (deflated 52%)
updating: frontend/src/components/auth/AuthGuard.jsx (deflated 55%)
updating: frontend/src/components/auth/LoginForm.jsx (deflated 76%)
updating: frontend/src/components/common/ (stored 0%)
updating: frontend/src/components/common/ErrorBoundary.jsx (deflated 63%)
updating: frontend/src/components/common/GlobalSpinner.jsx (deflated 40%)
updating: frontend/src/components/common/LoadingSpinner.jsx (deflated 71%)
updating: frontend/src/components/common/ServiceCard.jsx (deflated 58%)
updating: frontend/src/components/common/Spinner.jsx (deflated 45%)
updating: frontend/src/components/dev-components/ (stored 0%)
updating: frontend/src/components/dev-components/ApiTestComponent.jsx (deflated 78%)
updating: frontend/src/components/HeroSlider.jsx (deflated 63%)
updating: frontend/src/components/layout/ (stored 0%)
updating: frontend/src/components/layout/Footer.jsx (deflated 65%)
updating: frontend/src/components/layout/Header.jsx (deflated 78%)
updating: frontend/src/components/maps/ (stored 0%)
updating: frontend/src/components/maps/GoogleMap.jsx (deflated 69%)
updating: frontend/src/config/ (stored 0%)
updating: frontend/src/config/api.js (deflated 53%)
updating: frontend/src/contexts/ (stored 0%)
updating: frontend/src/contexts/AuthContext.jsx (deflated 75%)
updating: frontend/src/hooks/ (stored 0%)
updating: frontend/src/hooks/useAuth.js (deflated 45%)
updating: frontend/src/hooks/useGeolocation.js (deflated 73%)
updating: frontend/src/main.jsx (deflated 51%)
updating: frontend/src/pages/ (stored 0%)
updating: frontend/src/pages/admin/ (stored 0%)
updating: frontend/src/pages/admin/AdminDashboardPage.jsx (deflated 58%)
updating: frontend/src/pages/admin/ServiceListPageAdmin.jsx (deflated 76%)
updating: frontend/src/pages/admin/UserListPage.jsx (deflated 72%)
updating: frontend/src/pages/BrowseServicesPage.jsx (deflated 68%)
updating: frontend/src/pages/Dashboard.jsx (deflated 67%)
updating: frontend/src/pages/Home.jsx (deflated 70%)
updating: frontend/src/pages/Login.jsx (deflated 52%)
updating: frontend/src/pages/NotFoundPage.jsx (deflated 49%)
updating: frontend/src/pages/ProfessionalRegistration.jsx (deflated 76%)
updating: frontend/src/pages/Profile.jsx (deflated 79%)
updating: frontend/src/pages/SearchProfessionals.jsx (deflated 75%)
updating: frontend/src/pages/ServiceDetails.jsx (deflated 76%)
updating: frontend/src/pages/ServiceRequest.jsx (deflated 77%)
updating: frontend/src/services/ (stored 0%)
updating: frontend/src/services/adminService.js (deflated 59%)
updating: frontend/src/services/api.js (deflated 74%)
updating: frontend/src/services/auth.js (deflated 76%)
updating: frontend/src/services/firebase-config.js (deflated 53%)
updating: frontend/src/services/userService.js (deflated 48%)
updating: frontend/src/styles/ (stored 0%)
updating: frontend/src/styles/Dashboard.css (deflated 78%)
updating: frontend/src/styles/Home.css (deflated 74%)
updating: frontend/src/styles/index.css (deflated 62%)
updating: frontend/src/styles/Login.css (deflated 74%)
updating: frontend/src/styles/ProfessionalRegistration.css (deflated 67%)
updating: frontend/src/utils/ (stored 0%)
updating: frontend/src/utils/constants.js (deflated 60%)
updating: frontend/src/utils/helpers.js (deflated 64%)
updating: frontend/tailwind.config.js (deflated 65%)
updating: frontend/vite.config.js (deflated 40%)
updating: frontend/yarn.lock (deflated 65%)
updating: frontend/.env.example (deflated 69%)
updating: INSTRUCCIONES_RENDER.md (deflated 52%)
updating: package-lock.json (deflated 74%)
updating: package.json (deflated 53%)
updating: README.md (deflated 59%)
updating: supabase/ (stored 0%)
updating: supabase/migrations/ (stored 0%)
updating: supabase/migrations/20250723002932_amber_sun.sql (deflated 54%)
updating: vscode/ (stored 0%)
updating: vscode/settings.json (deflated 42%)
updating: yarn.lock (deflated 58%)
  adding: zip.log